	Exporter version: 4.6.1, Blender version: 2.78 (sub 0)
========= Conversion from Blender to Babylon.js =========
	Scene settings used:
		selected layers only:  false
		flat shading entire scene:  false
		inline textures:  false
		texture directory:  /Users/danielbernardi/Documents/Websites/lunch-picker/src/assets/
	Python World class constructor completed
	WARNING: No active camera has been assigned, or is not in a currently selected Blender layer
	processing begun of node:  iphone
	processing begun of mesh:  iphone_inner
		processing begun of Standard material:  Body RG
		processing begun of Standard material:  Body edging RG
		processing begun of Standard material:  White front
		processing begun of Standard material:  Glass
		processing begun of Standard material:  Steel black
		processing begun of Standard material:  Plastik body
		processing begun of Standard material:  White home key
		processing begun of Standard material:  Screen RG
		processing begun of Standard material:  Plastik_gray
		processing begun of Standard material:  Glass_cam
		processing begun of Standard material:  Chrom
		processing begun of Standard material:  Black
		processing begun of Standard material:  Light yellow
		processing begun of Standard material:  Gold
		processing begun of Standard material:  Plastik black
		processing begun of Standard material:  Light orange
		processing begun of Standard material:  Plastik flash
		processing begun of Standard material:  Glass white
		processing begun of multimaterial:  iphone6s.Multimaterial#0
		num positions      :  14472
		num normals        :  14472
		num uvs            :  28944
		num uvs2           :  0
		num colors         :  0
		num indices        :  76581
========= Writing of scene file started =========
========= Writing of scene file completed =========
========= end of processing =========
elapsed time:  0 min, 1.5705 secs
